<?xml version="1.0" encoding="UTF-8"?>
<Site BuildName="(empty)"
	BuildStamp="20230608-1438-Experimental"
	Name="(empty)"
	Generator="ctest-3.22.1"
	CompilerName=""
	CompilerVersion=""
	OSName="Linux"
	Hostname="LC3602"
	OSRelease="5.15.90.1-microsoft-standard-WSL2"
	OSVersion="#1 SMP Fri Jan 27 02:56:13 UTC 2023"
	OSPlatform="x86_64"
	Is64Bits="1"
	VendorString="AuthenticAMD"
	VendorID="Advanced Micro Devices"
	FamilyID="23"
	ModelID="104"
	ProcessorCacheSize="512"
	NumberOfLogicalCPU="16"
	NumberOfPhysicalCPU="8"
	TotalVirtualMemory="2048"
	TotalPhysicalMemory="7602"
	LogicalProcessorsPerPhysical="2"
	ProcessorClockFrequency="1796.57"
	>
	<Testing>
		<StartDateTime>Jun 08 16:38 CEST</StartDateTime>
		<StartTestTime>1686235101</StartTestTime>
		<TestList/>
		<EndDateTime>Jun 08 16:38 CEST</EndDateTime>
		<EndTestTime>1686235101</EndTestTime>
		<ElapsedMinutes>0</ElapsedMinutes>
	</Testing>
</Site>
